<?xml version="1.0" encoding="UTF-8"?>
<!-- Generated by org.testng.reporters.JUnitXMLReporter -->
<testsuite ignored="0" hostname="DESKTOP-ODTD0K1" failures="0" tests="1" name="Test" time="91.227" errors="0" timestamp="2023-11-23T09:04:35 IST">
  <testcase classname="genericUtilities.BaseClass" name="@BeforeClass bcConfig" time="91.018">
    <failure type="java.lang.NullPointerException" message="Cannot invoke &amp;quot;org.openqa.selenium.WebDriver.manage()&amp;quot; because &amp;quot;this.driver&amp;quot; is null">
      <![CDATA[java.lang.NullPointerException: Cannot invoke "org.openqa.selenium.WebDriver.manage()" because "this.driver" is null
at genericUtilities.WebDriverUtlitiy.webdriverMaximize(WebDriverUtlitiy.java:31)
at genericUtilities.BaseClass.bcConfig(BaseClass.java:57)
at java.base/java.util.ArrayList.forEach(ArrayList.java:1596)
... Removed 23 stack frames]]>
    </failure>
  </testcase> <!-- @BeforeClass bcConfig -->
  <testcase classname="contactTest.createContact" name="createNewContactTest" time="0.0">
    <skipped/>
  </testcase> <!-- createNewContactTest -->
</testsuite> <!-- Test -->
